00:00:00.351085 VirtualBox GUI VM Selector Window 6.1.16 r140961 linux.amd64 (Oct 20 2020 18:52:28) release log
00:00:00.351086 Log opened 2020-12-09T23:58:38.009082000Z
00:00:00.351087 Build Type: release
00:00:00.351088 OS Product: Linux
00:00:00.351089 OS Release: 5.9.11-3-MANJARO
00:00:00.351090 OS Version: #1 SMP PREEMPT Sat Nov 28 09:08:57 UTC 2020
00:00:00.351104 DMI Product Name: HP Pavilion Gaming Laptop 15-dk0xxx
00:00:00.351110 DMI Product Version: Type1ProductConfigId
00:00:00.351112 Firmware type: UEFI
00:00:00.352024 Secure Boot: Disabled
00:00:00.352068 Host RAM: 7810MB (7.6GB) total, 5943MB (5.8GB) available
00:00:00.352076 Executable: /usr/lib/virtualbox/VirtualBox
00:00:00.352076 Process ID: 3737
00:00:00.352077 Package type: LINUX_64BITS_GENERIC (OSE)
00:00:00.352106 Qt version: 5.15.2
00:00:00.375185 GUI: UIMediumEnumerator: Medium-enumeration started...
00:00:00.891506 GUI: UIDesktopWidgetWatchdog::sltHandleHostScreenAvailableGeometryCalculated: Screen 0 work area is actually resized to: 1423x24 x 446x1025
00:00:00.898451 GUI: UIMediumEnumerator: Medium-enumeration finished!
00:00:16.993306 GUI: UIMediumEnumerator: Medium-enumeration finished!
00:00:17.022848 GUI: UIMediumEnumerator: Medium-enumeration finished!
00:04:34.298051 GUI: UIMediumEnumerator: Medium-enumeration finished!
00:04:38.802283 GUI: UIMediumEnumerator: Medium-enumeration finished!
00:04:38.825440 GUI: UIMediumEnumerator: Medium-enumeration finished!
00:24:51.962555 GUI: UIMediumEnumerator: Medium-enumeration finished!
00:27:11.959819 GUI: UIMediumEnumerator: Medium-enumeration finished!
00:33:30.617032 GUI: UIMediumEnumerator: Medium-enumeration finished!
00:33:38.219267 GUI: UIMediumEnumerator: Medium-enumeration finished!
00:33:38.775682 GUI: UIMediumEnumerator: Medium-enumeration finished!
00:33:38.800789 GUI: UIMediumEnumerator: Medium-enumeration finished!
